<?xml version="1.0" encoding="UTF-8"?>
<testng-results skipped="0" failed="0" total="1" passed="1">
  <reporter-output>
  </reporter-output>
  <suite name="Main Test Suite" duration-ms="13815" started-at="2017-09-17T10:23:21Z" finished-at="2017-09-17T10:23:34Z">
    <groups>
    </groups>
    <test name="TestNG Test Group" duration-ms="13815" started-at="2017-09-17T10:23:21Z" finished-at="2017-09-17T10:23:34Z">
      <class name="com.test.TestA">
        <test-method status="PASS" signature="setUp()[pri:0, instance:com.test.TestA@60215eee]" name="setUp" is-config="true" duration-ms="8235" started-at="2017-09-17T15:53:21Z" finished-at="2017-09-17T15:53:29Z">
          <reporter-output>
          </reporter-output>
        </test-method> <!-- setUp -->
        <test-method status="PASS" signature="testGooglePageTitleInFirefox()[pri:0, instance:com.test.TestA@60215eee]" name="testGooglePageTitleInFirefox" duration-ms="4565" started-at="2017-09-17T15:53:29Z" finished-at="2017-09-17T15:53:33Z">
          <reporter-output>
          </reporter-output>
        </test-method> <!-- testGooglePageTitleInFirefox -->
        <test-method status="PASS" signature="tearDown()[pri:0, instance:com.test.TestA@60215eee]" name="tearDown" is-config="true" duration-ms="1015" started-at="2017-09-17T15:53:33Z" finished-at="2017-09-17T15:53:34Z">
          <reporter-output>
          </reporter-output>
        </test-method> <!-- tearDown -->
      </class> <!-- com.test.TestA -->
    </test> <!-- TestNG Test Group -->
  </suite> <!-- Main Test Suite -->
</testng-results>
